<?xml version="1.0" encoding="UTF-8"?>
<!-- Generated by org.testng.reporters.JUnitReportReporter -->
<testsuite hostname="DESKTOP-PMF4O4O" failures="0" tests="1" name="runner_cukes.TestRunner" time="0.545" errors="0" timestamp="4 Mar 2018 03:43:43 GMT">
  <testcase classname="runner_cukes.TestRunner" name="run_cukes" time="0.545"/>
</testsuite> <!-- runner_cukes.TestRunner -->
